<?xml version="1.0" encoding="UTF-8"?>
<testng-results skipped="0" failed="0" ignored="0" total="1" passed="1">
  <reporter-output>
  </reporter-output>
  <suite name="Default suite" duration-ms="5093" started-at="2020-05-29T18:56:08 IST" finished-at="2020-05-29T18:56:13 IST">
    <groups>
    </groups>
    <test name="Default test" duration-ms="5093" started-at="2020-05-29T18:56:08 IST" finished-at="2020-05-29T18:56:13 IST">
      <class name="com.test.deserialization.request">
        <test-method status="PASS" signature="requestParam()[pri:0, instance:com.test.deserialization.request@587d1d39]" name="requestParam" duration-ms="5037" started-at="2020-05-29T18:56:08 IST" finished-at="2020-05-29T18:56:13 IST">
          <reporter-output>
          </reporter-output>
        </test-method> <!-- requestParam -->
      </class> <!-- com.test.deserialization.request -->
    </test> <!-- Default test -->
  </suite> <!-- Default suite -->
</testng-results>
