<?xml version="1.0" encoding="UTF-8"?>
<testng-results skipped="0" failed="0" ignored="0" total="6" passed="6">
  <reporter-output>
  </reporter-output>
  <suite name="Suite" duration-ms="65" started-at="2020-05-22T14:37:19 IST" finished-at="2020-05-22T14:37:19 IST">
    <groups>
    </groups>
    <test name="Test" duration-ms="65" started-at="2020-05-22T14:37:19 IST" finished-at="2020-05-22T14:37:19 IST">
      <class name="com.Harsh.app.BTest">
        <test-method status="PASS" signature="a()[pri:0, instance:com.Harsh.app.BTest@627551fb]" name="a" duration-ms="1" started-at="2020-05-22T14:37:19 IST" finished-at="2020-05-22T14:37:19 IST">
          <reporter-output>
          </reporter-output>
        </test-method> <!-- a -->
        <test-method status="PASS" signature="b()[pri:0, instance:com.Harsh.app.BTest@627551fb]" name="b" duration-ms="1" started-at="2020-05-22T14:37:19 IST" finished-at="2020-05-22T14:37:19 IST">
          <reporter-output>
          </reporter-output>
        </test-method> <!-- b -->
      </class> <!-- com.Harsh.app.BTest -->
      <class name="com.Harsh.app.CTest">
        <test-method status="PASS" signature="a()[pri:0, instance:com.Harsh.app.CTest@5c5a1b69]" name="a" duration-ms="6" started-at="2020-05-22T14:37:19 IST" finished-at="2020-05-22T14:37:19 IST">
          <reporter-output>
          </reporter-output>
        </test-method> <!-- a -->
        <test-method status="PASS" signature="b()[pri:0, instance:com.Harsh.app.CTest@5c5a1b69]" name="b" duration-ms="1" started-at="2020-05-22T14:37:19 IST" finished-at="2020-05-22T14:37:19 IST">
          <reporter-output>
          </reporter-output>
        </test-method> <!-- b -->
      </class> <!-- com.Harsh.app.CTest -->
      <class name="com.Harsh.app.ATest">
        <test-method status="PASS" signature="a()[pri:0, instance:com.Harsh.app.ATest@3701eaf6]" name="a" duration-ms="0" started-at="2020-05-22T14:37:19 IST" finished-at="2020-05-22T14:37:19 IST">
          <reporter-output>
          </reporter-output>
        </test-method> <!-- a -->
        <test-method status="PASS" signature="b()[pri:0, instance:com.Harsh.app.ATest@3701eaf6]" name="b" duration-ms="1" started-at="2020-05-22T14:37:19 IST" finished-at="2020-05-22T14:37:19 IST">
          <reporter-output>
          </reporter-output>
        </test-method> <!-- b -->
      </class> <!-- com.Harsh.app.ATest -->
    </test> <!-- Test -->
  </suite> <!-- Suite -->
</testng-results>
