<?xml version="1.0" encoding="UTF-8"?>
<!-- Generated by org.testng.reporters.JUnitXMLReporter -->
<testsuite hostname="DESKTOP-RN11V19" ignored="0" name="Test" tests="6" failures="0" timestamp="2020-05-22T14:37:19 IST" time="0.065" errors="0">
  <testcase name="a" time="0.006" classname="com.Harsh.app.CTest"/>
  <testcase name="b" time="0.001" classname="com.Harsh.app.CTest"/>
  <testcase name="a" time="0.0" classname="com.Harsh.app.ATest"/>
  <testcase name="b" time="0.001" classname="com.Harsh.app.ATest"/>
  <testcase name="a" time="0.001" classname="com.Harsh.app.BTest"/>
  <testcase name="b" time="0.001" classname="com.Harsh.app.BTest"/>
</testsuite> <!-- Test -->
